<?xml version="1.0" encoding="UTF-8"?>
<!-- Generated by org.testng.reporters.JUnitXMLReporter -->
<testsuite hostname="Trigen-PC" ignored="0" name="Default test" tests="3" failures="0" timestamp="26 Dec 2019 12:56:13 GMT" time="35.921" errors="0">
  <testcase name="open" time="6.333" classname="Remaining_scripts_dynamic.Campaign_allcation2"/>
  <testcase name="open" time="23.532" classname="Remaining_scripts_dynamic.Campaign_allcation2"/>
  <testcase name="open" time="5.453" classname="Remaining_scripts_dynamic.Campaign_allcation2"/>
</testsuite> <!-- Default test -->
